{"name": "Go to test Check Box Demo page", "status": "failed", "statusDetails": {"message": "AssertionError\n", "trace": "  File \"/home/qainfotech/PycharmProjects/APItesting/venv/lib/python3.6/site-packages/behave/model.py\", line 1329, in run\n    match.run(runner.context)\n  File \"/home/qainfotech/PycharmProjects/APItesting/venv/lib/python3.6/site-packages/behave/matchers.py\", line 98, in run\n    self.func(context, *args, **kwargs)\n  File \"BDD/feature/steps/stepFile_test2.py\", line 7, in step_impl\n    Test2.test_single_check_box(context)\n  File \"/home/qainfotech/PycharmProjects/PytestProject/tests/test_file2.py\", line 17, in test_single_check_box\n    assert box_res is True\n"}, "steps": [{"name": "Given User is on Check demo page and verify check box is display and working", "status": "failed", "statusDetails": {"message": "AssertionError\n", "trace": "  File \"/home/qainfotech/PycharmProjects/APItesting/venv/lib/python3.6/site-packages/behave/model.py\", line 1329, in run\n    match.run(runner.context)\n  File \"/home/qainfotech/PycharmProjects/APItesting/venv/lib/python3.6/site-packages/behave/matchers.py\", line 98, in run\n    self.func(context, *args, **kwargs)\n  File \"BDD/feature/steps/stepFile_test2.py\", line 7, in step_impl\n    Test2.test_single_check_box(context)\n  File \"/home/qainfotech/PycharmProjects/PytestProject/tests/test_file2.py\", line 17, in test_single_check_box\n    assert box_res is True\n"}, "start": 1597053244078, "stop": 1597053245977}, {"name": "Then Verify multiple check box", "status": "skipped", "start": 1597053245977, "stop": 1597053245977}], "start": 1597053244078, "stop": 1597053245977, "uuid": "82324c5e-4706-4e95-899d-0d293eff5443", "historyId": "cecb92855125a2d1e370043130275a92", "labels": [{"name": "severity", "value": "normal"}, {"name": "feature", "value": "validate check box button"}, {"name": "framework", "value": "behave"}, {"name": "language", "value": "cpython3"}]}